#
# A fatal error has been detected by the Java Runtime Environment:
#
#  Internal Error (classFileParser.cpp:3470), pid=16308, tid=16348
#  Error: ShouldNotReachHere()
#
# JRE version: 7.0-b147
# Java VM: Java HotSpot(TM) 64-Bit Server VM (21.0-b17 mixed mode windows-amd64 compressed oops)
# Failed to write core dump. Minidumps are not enabled by default on client versions of Windows
#
# If you would like to submit a bug report, please visit:
#   http://bugreport.sun.com/bugreport/crash.jsp
#

---------------  T H R E A D  ---------------

Current thread (0x000000000248d000):  JavaThread "Unknown thread" [_thread_in_vm, id=16348, stack(0x0000000002830000,0x0000000002930000)]

Stack: [0x0000000002830000,0x0000000002930000]

---------------  P R O C E S S  ---------------

Java Threads: ( => current thread )

Other Threads:

=>0x000000000248d000 (exited) JavaThread "Unknown thread" [_thread_in_vm, id=16348, stack(0x0000000002830000,0x0000000002930000)]

VM state:not at safepoint (not fully initialized)

VM Mutex/Monitor currently owned by a thread: None

Dynamic libraries:
0x000000013f0f0000 - 0x000000013f123000 	D:\Software\Program\Java\jdk1.7.0\bin\javaw.exe
0x00000000772c0000 - 0x0000000077469000 	C:\Windows\SYSTEM32\ntdll.dll
0x0000000076f60000 - 0x000000007707f000 	C:\Windows\system32\kernel32.dll
0x000007fefd5a0000 - 0x000007fefd60c000 	C:\Windows\system32\KERNELBASE.dll
0x000007fefebc0000 - 0x000007fefec9b000 	C:\Windows\system32\ADVAPI32.dll
0x000007fefe840000 - 0x000007fefe8df000 	C:\Windows\system32\msvcrt.dll
0x000007fefeca0000 - 0x000007fefecbf000 	C:\Windows\SYSTEM32\sechost.dll
0x000007feff080000 - 0x000007feff1ad000 	C:\Windows\system32\RPCRT4.dll
0x00000000771c0000 - 0x00000000772ba000 	C:\Windows\system32\USER32.dll
0x000007fefeb50000 - 0x000007fefebb7000 	C:\Windows\system32\GDI32.dll
0x000007feff5c0000 - 0x000007feff5ce000 	C:\Windows\system32\LPK.dll
0x000007fefefb0000 - 0x000007feff079000 	C:\Windows\system32\USP10.dll
0x000007fefbf60000 - 0x000007fefc154000 	C:\Windows\WinSxS\amd64_microsoft.windows.common-controls_6595b64144ccf1df_6.0.7601.17514_none_fa396087175ac9ac\COMCTL32.dll
0x000007fefd960000 - 0x000007fefd9d1000 	C:\Windows\system32\SHLWAPI.dll
0x000007fefef80000 - 0x000007fefefae000 	C:\Windows\system32\IMM32.DLL
0x000007feff460000 - 0x000007feff569000 	C:\Windows\system32\MSCTF.dll
0x000007fefd4b0000 - 0x000007fefd4ec000 	C:\Windows\system32\nvinitx.dll
0x000000000f000000 - 0x000000000f006000 	C:\Program Files\NVIDIA Corporation\CoProcManager\_etoured.dll
0x000007fef6cd0000 - 0x000007fef6d14000 	C:\Program Files\NVIDIA Corporation\CoProcManager\nvd3d9wrapx.dll
0x000007fefeda0000 - 0x000007fefef77000 	C:\Windows\system32\SETUPAPI.dll
0x000007fefd640000 - 0x000007fefd676000 	C:\Windows\system32\CFGMGR32.dll
0x000007fefecc0000 - 0x000007fefed97000 	C:\Windows\system32\OLEAUT32.dll
0x000007fefe940000 - 0x000007fefeb43000 	C:\Windows\system32\ole32.dll
0x000007fefd900000 - 0x000007fefd91a000 	C:\Windows\system32\DEVOBJ.dll
0x000007fef57b0000 - 0x000007fef57f2000 	C:\Program Files\NVIDIA Corporation\CoProcManager\nvdxgiwrapx.dll
0x000000005b720000 - 0x000000005b7f1000 	D:\Software\Program\Java\jdk1.7.0\jre\bin\msvcr100.dll
0x000000005d110000 - 0x000000005d7de000 	D:\Software\Program\Java\jdk1.7.0\jre\bin\server\jvm.dll
0x000007fefb3a0000 - 0x000007fefb3a9000 	C:\Windows\system32\WSOCK32.dll
0x000007feff570000 - 0x000007feff5bd000 	C:\Windows\system32\WS2_32.dll
0x000007fefe830000 - 0x000007fefe838000 	C:\Windows\system32\NSI.dll
0x000007fefd890000 - 0x000007fefd8cb000 	C:\Windows\system32\WINMM.dll
0x0000000077490000 - 0x0000000077497000 	C:\Windows\system32\PSAPI.DLL
0x00000000719d0000 - 0x00000000719df000 	D:\Software\Program\Java\jdk1.7.0\jre\bin\verify.dll
0x000000006d000000 - 0x000000006d028000 	D:\Software\Program\Java\jdk1.7.0\jre\bin\java.dll
0x000000006cc50000 - 0x000000006cc65000 	D:\Software\Program\Java\jdk1.7.0\jre\bin\zip.dll

VM Arguments:
jvm_args: -XX:-UseSplitVerifier -Dfile.encoding=GBK -Xbootclasspath:D:\Software\Program\Android\android-sdk\platforms\android-16\android.jar;D:\Software\Program\Android\android-sdk\add-ons\addon-google_apis-google-16\libs\effects.jar;D:\Software\Program\Android\android-sdk\add-ons\addon-google_apis-google-16\libs\usb.jar;D:\Software\Program\Android\android-sdk\add-ons\addon-google_apis-google-16\libs\maps.jar 
java_command: org.eclipse.jdt.internal.junit.runner.RemoteTestRunner -version 3 -port 33296 -testLoaderClass org.eclipse.jdt.internal.junit.runner.junit3.JUnit3TestLoader -loaderpluginname org.eclipse.jdt.junit.runtime -classNames testfinal.edu.upenn.cis350.RouteOverlayTest
Launcher Type: SUN_STANDARD

Environment Variables:
JAVA_HOME=D:\Software\Program\Java\jdk1.7.0
JRE_HOME=D:\Software\Program\Java\jre7
CLASSPATH=.;D:\Software\Program\Java\jdk1.7.0\lib\dt.jar;D:\Software\Program\Java\jdk1.7.0\lib\tools.jar;D:\Software\Program\Java\jdk1.7.0\lib\transformer.jar;D:\Software\Internet\Java\jre7\lib\ext\QTJava.zip
PATH=D:/Software/Program/Java/jdk1.7.0/bin/../jre/bin/server;D:/Software/Program/Java/jdk1.7.0/bin/../jre/bin;D:/Software/Program/Java/jdk1.7.0/bin/../jre/lib/amd64;C:\Program Files (x86)\Haskell\bin;D:\Software\Program\Haskell Platform\2012.2.0.0\lib\extralibs\bin;D:\Software\Program\Haskell Platform\2012.2.0.0\bin;.;D:\Software\Program\Java\jdk1.7.0\bin;D:\Software\Program\Java\jdk1.7.0\jre\bin;c:\Program Files (x86)\Common Files\Ulead Systems\MPEG;D:\Software\Program\jEdit;D:\Software\Program\Java\jre7;D:\Software\Program\Java\jre7\bin;D:\Software\Program\Java\jdk1.7.0;D:\Software\Program\Python 2.7.3;D:\Software\Program\Python 2.7.3\Scripts;D:\Software\Program\Django-1.3.3\django\bin;D:\Software\Internet\TortoiseHg\;D:\Software\System\TortoiseGit\bin;D:\Software\Media\QuickTime\QTSystem\;C:\Windows\system32;C:\Windows;C:\Windows\system32\wbem;C:\Users\wenbinzh\AppData\Roaming\cabal\bin;C:\Windows\System32;d:\Software\Tools\SSH Communications Security\SSH Secure Shell;D:\Software\Program\eclipse;
USERNAME=wenbinzh
OS=Windows_NT
PROCESSOR_IDENTIFIER=Intel64 Family 6 Model 42 Stepping 7, GenuineIntel



---------------  S Y S T E M  ---------------

OS: Windows 7 , 64 bit Build 7601 Service Pack 1

CPU:total 8 (4 cores per cpu, 2 threads per core) family 6 model 42 stepping 7, cmov, cx8, fxsr, mmx, sse, sse2, sse3, ssse3, sse4.1, sse4.2, popcnt, ht

Memory: 4k page, physical 4078832k(783132k free), swap 8155812k(1479252k free)

vm_info: Java HotSpot(TM) 64-Bit Server VM (21.0-b17) for windows-amd64 JRE (1.7.0-b147), built on Jun 27 2011 02:19:45 by "java_re" with unknown MS VC++:1600

time: Thu Dec 20 02:27:50 2012
elapsed time: 0 seconds

